#
# There is insufficient memory for the Java Runtime Environment to continue.
# Native memory allocation (malloc) failed to allocate 1085616 bytes for Chunk::new
# Possible reasons:
#   The system is out of physical RAM or swap space
#   The process is running with CompressedOops enabled, and the Java Heap may be blocking the growth of the native heap
# Possible solutions:
#   Reduce memory load on the system
#   Increase physical memory or swap space
#   Check if swap backing store is full
#   Decrease Java heap size (-Xmx/-Xms)
#   Decrease number of Java threads
#   Decrease Java thread stack sizes (-Xss)
#   Set larger code cache with -XX:ReservedCodeCacheSize=
#   JVM is running with Unscaled Compressed Oops mode in which the Java heap is
#     placed in the first 4GB address space. The Java Heap base address is the
#     maximum limit for the native heap growth. Please use -XX:HeapBaseMinAddress
#     to set the Java Heap base and to place the Java Heap above 4GB virtual address.
# This output file may be truncated or incomplete.
#
#  Out of Memory Error (./src/hotspot/share/memory/arena.cpp:197), pid=151912, tid=128640
#
# JRE version: OpenJDK Runtime Environment (11.0.10) (build 11.0.10+0-b96-7249189)
# Java VM: OpenJDK 64-Bit Server VM (11.0.10+0-b96-7249189, mixed mode, tiered, compressed oops, g1 gc, windows-amd64)
# No core dump will be written. Minidumps are not enabled by default on client versions of Windows
#

---------------  S U M M A R Y ------------

Command Line: --add-opens=java.base/java.util=ALL-UNNAMED --add-opens=java.base/java.lang=ALL-UNNAMED --add-opens=java.base/java.lang.invoke=ALL-UNNAMED --add-opens=java.base/java.util=ALL-UNNAMED --add-opens=java.prefs/java.util.prefs=ALL-UNNAMED --add-opens=java.prefs/java.util.prefs=ALL-UNNAMED --add-opens=java.base/java.nio.charset=ALL-UNNAMED --add-opens=java.base/java.net=ALL-UNNAMED --add-opens=java.base/java.util.concurrent.atomic=ALL-UNNAMED -Xmx2048m -Dfile.encoding=UTF-8 -Duser.country=US -Duser.language=en -Duser.variant org.gradle.launcher.daemon.bootstrap.GradleDaemon 7.0.2

Host: Intel(R) Core(TM) i7-8565U CPU @ 1.80GHz, 8 cores, 15G,  Windows 10 , 64 bit Build 19041 (10.0.19041.1466)
Time: Sat Feb 12 18:58:15 2022 Eastern Standard Time elapsed time: 22.929847 seconds (0d 0h 0m 22s)

---------------  T H R E A D  ---------------

Current thread (0x000001b3b1acd800):  JavaThread "C2 CompilerThread0" daemon [_thread_in_native, id=128640, stack(0x00000030e2c00000,0x00000030e2d00000)]


Current CompileTask:
C2:  22930 6204       4       java.util.regex.Pattern::compile (498 bytes)

Stack: [0x00000030e2c00000,0x00000030e2d00000]
Native frames: (J=compiled Java code, j=interpreted, Vv=VM code, C=native code)
V  [jvm.dll+0x5ecfaa]
V  [jvm.dll+0x722bd5]
V  [jvm.dll+0x72412d]
V  [jvm.dll+0x7247e3]
V  [jvm.dll+0x242928]
V  [jvm.dll+0xbc4fc]
V  [jvm.dll+0xbca0c]
V  [jvm.dll+0x352d3b]
V  [jvm.dll+0x320ad3]
V  [jvm.dll+0x31ffca]
V  [jvm.dll+0x1fb602]
V  [jvm.dll+0x1fa7f4]
V  [jvm.dll+0x18354c]
V  [jvm.dll+0x208ee7]
V  [jvm.dll+0x207731]
V  [jvm.dll+0x6eb1cf]
V  [jvm.dll+0x6e3d45]
V  [jvm.dll+0x5ebe96]
C  [ucrtbase.dll+0x21bb2]
C  [KERNEL32.DLL+0x17034]
C  [ntdll.dll+0x52651]


---------------  P R O C E S S  ---------------

Threads class SMR info:
_java_thread_list=0x000001b3b87dd710, length=50, elements={
0x000001b3965ad800, 0x000001b3b1a58800, 0x000001b3b1a5e000, 0x000001b3b1abd000,
0x000001b3b1abf000, 0x000001b3b1ac1000, 0x000001b3b1acd800, 0x000001b3b1acf000,
0x000001b3b1b00800, 0x000001b3b1c3a800, 0x000001b3b53b1800, 0x000001b3b1dd4800,
0x000001b3b2eef800, 0x000001b3b3aa4800, 0x000001b3b3405800, 0x000001b3b471a800,
0x000001b3b29ea800, 0x000001b3b2fb9800, 0x000001b3b43bf800, 0x000001b3b3d66000,
0x000001b3b3d65000, 0x000001b3b3d67800, 0x000001b3b3d69800, 0x000001b3b3d68800,
0x000001b3b3d63800, 0x000001b3b3d67000, 0x000001b3b3d6a000, 0x000001b3b3d64800,
0x000001b3b79d0000, 0x000001b3b79cf000, 0x000001b3b79cd800, 0x000001b3b79cb000,
0x000001b3b79d1800, 0x000001b3b79cc000, 0x000001b3b79d4000, 0x000001b3b79d2800,
0x000001b3b79d3000, 0x000001b3b79ce000, 0x000001b3b79d9000, 0x000001b3b79d9800,
0x000001b3b79d6800, 0x000001b3b79d5000, 0x000001b3b79d5800, 0x000001b3b79d7000,
0x000001b3b79d8000, 0x000001b3b4743000, 0x000001b3b4744000, 0x000001b3b4747000,
0x000001b3b4741800, 0x000001b3b4748000
}

Java Threads: ( => current thread )
  0x000001b3965ad800 JavaThread "main" [_thread_blocked, id=161744, stack(0x00000030e2000000,0x00000030e2100000)]
  0x000001b3b1a58800 JavaThread "Reference Handler" daemon [_thread_blocked, id=164764, stack(0x00000030e2700000,0x00000030e2800000)]
  0x000001b3b1a5e000 JavaThread "Finalizer" daemon [_thread_blocked, id=160356, stack(0x00000030e2800000,0x00000030e2900000)]
  0x000001b3b1abd000 JavaThread "Signal Dispatcher" daemon [_thread_blocked, id=161764, stack(0x00000030e2900000,0x00000030e2a00000)]
  0x000001b3b1abf000 JavaThread "Attach Listener" daemon [_thread_blocked, id=164740, stack(0x00000030e2a00000,0x00000030e2b00000)]
  0x000001b3b1ac1000 JavaThread "Service Thread" daemon [_thread_blocked, id=128636, stack(0x00000030e2b00000,0x00000030e2c00000)]
=>0x000001b3b1acd800 JavaThread "C2 CompilerThread0" daemon [_thread_in_native, id=128640, stack(0x00000030e2c00000,0x00000030e2d00000)]
  0x000001b3b1acf000 JavaThread "C1 CompilerThread0" daemon [_thread_blocked, id=141016, stack(0x00000030e2d00000,0x00000030e2e00000)]
  0x000001b3b1b00800 JavaThread "Sweeper thread" daemon [_thread_blocked, id=163984, stack(0x00000030e2e00000,0x00000030e2f00000)]
  0x000001b3b1c3a800 JavaThread "Common-Cleaner" daemon [_thread_blocked, id=141984, stack(0x00000030e2f00000,0x00000030e3000000)]
  0x000001b3b53b1800 JavaThread "Daemon health stats" [_thread_blocked, id=116640, stack(0x00000030e3800000,0x00000030e3900000)]
  0x000001b3b1dd4800 JavaThread "Incoming local TCP Connector on port 49674" [_thread_in_native, id=147152, stack(0x00000030e3100000,0x00000030e3200000)]
  0x000001b3b2eef800 JavaThread "Daemon periodic checks" [_thread_blocked, id=95564, stack(0x00000030e3700000,0x00000030e3800000)]
  0x000001b3b3aa4800 JavaThread "Daemon" [_thread_blocked, id=129924, stack(0x00000030e3900000,0x00000030e3a00000)]
  0x000001b3b3405800 JavaThread "Handler for socket connection from /127.0.0.1:49674 to /127.0.0.1:49675" [_thread_in_native, id=161748, stack(0x00000030e3a00000,0x00000030e3b00000)]
  0x000001b3b471a800 JavaThread "Cancel handler" [_thread_blocked, id=162492, stack(0x00000030e3b00000,0x00000030e3c00000)]
  0x000001b3b29ea800 JavaThread "Daemon worker" [_thread_in_Java, id=147104, stack(0x00000030e3c00000,0x00000030e3d00000)]
  0x000001b3b2fb9800 JavaThread "Asynchronous log dispatcher for DefaultDaemonConnection: socket connection from /127.0.0.1:49674 to /127.0.0.1:49675" [_thread_blocked, id=139528, stack(0x00000030e3d00000,0x00000030e3e00000)]
  0x000001b3b43bf800 JavaThread "Stdin handler" [_thread_blocked, id=135832, stack(0x00000030e3e00000,0x00000030e3f00000)]
  0x000001b3b3d66000 JavaThread "Daemon client event forwarder" [_thread_blocked, id=138456, stack(0x00000030e3f00000,0x00000030e4000000)]
  0x000001b3b3d65000 JavaThread "Cache worker for file hash cache (C:\Users\User\.gradle\caches\7.0.2\fileHashes)" [_thread_blocked, id=135512, stack(0x00000030e4000000,0x00000030e4100000)]
  0x000001b3b3d67800 JavaThread "File lock request listener" [_thread_in_native, id=151100, stack(0x00000030e4100000,0x00000030e4200000)]
  0x000001b3b3d69800 JavaThread "Cache worker for journal cache (C:\Users\User\.gradle\caches\journal-1)" [_thread_blocked, id=120532, stack(0x00000030e4500000,0x00000030e4600000)]
  0x000001b3b3d68800 JavaThread "Cache worker for file hash cache (C:\Users\User\AndroidStudioProjects\CommunityBuilding\.gradle\7.0.2\fileHashes)" [_thread_blocked, id=140212, stack(0x00000030e4700000,0x00000030e4800000)]
  0x000001b3b3d63800 JavaThread "File watcher server" daemon [_thread_in_native, id=164856, stack(0x00000030e4800000,0x00000030e4900000)]
  0x000001b3b3d67000 JavaThread "File watcher consumer" daemon [_thread_blocked, id=158428, stack(0x00000030e4900000,0x00000030e4a00000)]
  0x000001b3b3d6a000 JavaThread "Cache worker for checksums cache (C:\Users\User\AndroidStudioProjects\CommunityBuilding\.gradle\checksums)" [_thread_blocked, id=159384, stack(0x00000030e4a00000,0x00000030e4b00000)]
  0x000001b3b3d64800 JavaThread "Cache worker for cache directory md-supplier (C:\Users\User\.gradle\caches\7.0.2\md-supplier)" [_thread_blocked, id=163496, stack(0x00000030e4b00000,0x00000030e4c00000)]
  0x000001b3b79d0000 JavaThread "Cache worker for cache directory md-rule (C:\Users\User\.gradle\caches\7.0.2\md-rule)" [_thread_blocked, id=165792, stack(0x00000030e4c00000,0x00000030e4d00000)]
  0x000001b3b79cf000 JavaThread "Cache worker for execution history cache (C:\Users\User\.gradle\caches\7.0.2\executionHistory)" [_thread_blocked, id=151696, stack(0x00000030e4e00000,0x00000030e4f00000)]
  0x000001b3b79cd800 JavaThread "jar transforms" [_thread_blocked, id=159484, stack(0x00000030e4f00000,0x00000030e5000000)]
  0x000001b3b79cb000 JavaThread "jar transforms Thread 2" [_thread_blocked, id=49552, stack(0x00000030e5000000,0x00000030e5100000)]
  0x000001b3b79d1800 JavaThread "Cache worker for file content cache (C:\Users\User\.gradle\caches\7.0.2\fileContent)" [_thread_blocked, id=159488, stack(0x00000030e5100000,0x00000030e5200000)]
  0x000001b3b79cc000 JavaThread "Cache worker for dependencies-accessors (C:\Users\User\AndroidStudioProjects\CommunityBuilding\.gradle\7.0.2\dependencies-accessors)" [_thread_blocked, id=161972, stack(0x00000030e5200000,0x00000030e5300000)]
  0x000001b3b79d4000 JavaThread "jar transforms Thread 3" [_thread_blocked, id=162832, stack(0x00000030e5300000,0x00000030e5400000)]
  0x000001b3b79d2800 JavaThread "Cache worker for Build Output Cleanup Cache (C:\Users\User\AndroidStudioProjects\CommunityBuilding\.gradle\buildOutputCleanup)" [_thread_blocked, id=146812, stack(0x00000030e5400000,0x00000030e5500000)]
  0x000001b3b79d3000 JavaThread "Build operations" [_thread_blocked, id=157152, stack(0x00000030e4600000,0x00000030e4700000)]
  0x000001b3b79ce000 JavaThread "Build operations Thread 2" [_thread_blocked, id=97156, stack(0x00000030e4d00000,0x00000030e4e00000)]
  0x000001b3b79d9000 JavaThread "Build operations Thread 3" [_thread_blocked, id=144388, stack(0x00000030e5500000,0x00000030e5600000)]
  0x000001b3b79d9800 JavaThread "Build operations Thread 4" [_thread_blocked, id=162836, stack(0x00000030e5600000,0x00000030e5700000)]
  0x000001b3b79d6800 JavaThread "Build operations Thread 5" [_thread_blocked, id=162924, stack(0x00000030e5700000,0x00000030e5800000)]
  0x000001b3b79d5000 JavaThread "Build operations Thread 6" [_thread_blocked, id=139392, stack(0x00000030e5800000,0x00000030e5900000)]
  0x000001b3b79d5800 JavaThread "Build operations Thread 7" [_thread_blocked, id=165288, stack(0x00000030e5900000,0x00000030e5a00000)]
  0x000001b3b79d7000 JavaThread "Build operations Thread 8" [_thread_blocked, id=147552, stack(0x00000030e5a00000,0x00000030e5b00000)]
  0x000001b3b79d8000 JavaThread "jar transforms Thread 4" [_thread_blocked, id=161620, stack(0x00000030e5c00000,0x00000030e5d00000)]
  0x000001b3b4743000 JavaThread "jar transforms Thread 5" [_thread_blocked, id=164784, stack(0x00000030e5d00000,0x00000030e5e00000)]
  0x000001b3b4744000 JavaThread "jar transforms Thread 6" [_thread_blocked, id=57620, stack(0x00000030e5e00000,0x00000030e5f00000)]
  0x000001b3b4747000 JavaThread "jar transforms Thread 7" [_thread_blocked, id=78392, stack(0x00000030e5f00000,0x00000030e6000000)]
  0x000001b3b4741800 JavaThread "jar transforms Thread 8" [_thread_blocked, id=162216, stack(0x00000030e6000000,0x00000030e6100000)]
  0x000001b3b4748000 JavaThread "Memory manager" [_thread_blocked, id=156080, stack(0x00000030e5b00000,0x00000030e5c00000)]

Other Threads:
  0x000001b3b1a56800 VMThread "VM Thread" [stack: 0x00000030e2600000,0x00000030e2700000] [id=83348]
  0x000001b3b1c45800 WatcherThread [stack: 0x00000030e3000000,0x00000030e3100000] [id=135036]
  0x000001b3965c6000 GCTaskThread "GC Thread#0" [stack: 0x00000030e2100000,0x00000030e2200000] [id=161508]
  0x000001b3b22aa000 GCTaskThread "GC Thread#1" [stack: 0x00000030e3200000,0x00000030e3300000] [id=5484]
  0x000001b3b2994800 GCTaskThread "GC Thread#2" [stack: 0x00000030e3300000,0x00000030e3400000] [id=91052]
  0x000001b3b2aff800 GCTaskThread "GC Thread#3" [stack: 0x00000030e3400000,0x00000030e3500000] [id=158320]
  0x000001b3b1fb9800 GCTaskThread "GC Thread#4" [stack: 0x00000030e3500000,0x00000030e3600000] [id=20472]
  0x000001b3b1fba000 GCTaskThread "GC Thread#5" [stack: 0x00000030e3600000,0x00000030e3700000] [id=164032]
  0x000001b3b2da2000 GCTaskThread "GC Thread#6" [stack: 0x00000030e4200000,0x00000030e4300000] [id=146948]
  0x000001b3b2fba800 GCTaskThread "GC Thread#7" [stack: 0x00000030e4300000,0x00000030e4400000] [id=142624]
  0x000001b3965f9000 ConcurrentGCThread "G1 Main Marker" [stack: 0x00000030e2200000,0x00000030e2300000] [id=160892]
  0x000001b3965fa000 ConcurrentGCThread "G1 Conc#0" [stack: 0x00000030e2300000,0x00000030e2400000] [id=163104]
  0x000001b3b2deb000 ConcurrentGCThread "G1 Conc#1" [stack: 0x00000030e4400000,0x00000030e4500000] [id=143240]
  0x000001b3b10a6800 ConcurrentGCThread "G1 Refine#0" [stack: 0x00000030e2400000,0x00000030e2500000] [id=163936]
  0x000001b3b10a9800 ConcurrentGCThread "G1 Young RemSet Sampling" [stack: 0x00000030e2500000,0x00000030e2600000] [id=57368]

Threads with active compile tasks:
C2 CompilerThread0  22985 6204       4       java.util.regex.Pattern::compile (498 bytes)

VM state:not at safepoint (normal execution)

VM Mutex/Monitor currently owned by a thread: None

Heap address: 0x0000000080000000, size: 2048 MB, Compressed Oops mode: 32-bit
Narrow klass base: 0x0000000000000000, Narrow klass shift: 3
Compressed class space size: 1073741824 Address: 0x0000000100000000

Heap:
 garbage-first heap   total 258048K, used 108588K [0x0000000080000000, 0x0000000100000000)
  region size 1024K, 66 young (67584K), 3 survivors (3072K)
 Metaspace       used 64291K, capacity 65840K, committed 66124K, reserved 1105920K
  class space    used 8140K, capacity 8677K, committed 8780K, reserved 1048576K
Heap Regions: E=young(eden), S=young(survivor), O=old, HS=humongous(starts), HC=humongous(continues), CS=collection set, F=free, A=archive, TAMS=top-at-mark-start (previous, next)
|   0|0x0000000080000000, 0x0000000080100000, 0x0000000080100000|100%| O|  |TAMS 0x0000000080100000, 0x0000000080000000| Untracked 
|   1|0x0000000080100000, 0x0000000080200000, 0x0000000080200000|100%| O|  |TAMS 0x0000000080200000, 0x0000000080100000| Untracked 
|   2|0x0000000080200000, 0x0000000080300000, 0x0000000080300000|100%| O|  |TAMS 0x0000000080300000, 0x0000000080200000| Untracked 
|   3|0x0000000080300000, 0x0000000080400000, 0x0000000080400000|100%|HS|  |TAMS 0x0000000080400000, 0x0000000080300000| Complete 
|   4|0x0000000080400000, 0x0000000080500000, 0x0000000080500000|100%|HC|  |TAMS 0x0000000080500000, 0x0000000080400000| Complete 
|   5|0x0000000080500000, 0x0000000080600000, 0x0000000080600000|100%|HC|  |TAMS 0x0000000080600000, 0x0000000080500000| Complete 
|   6|0x0000000080600000, 0x0000000080700000, 0x0000000080700000|100%| O|  |TAMS 0x0000000080700000, 0x0000000080600000| Untracked 
|   7|0x0000000080700000, 0x0000000080800000, 0x0000000080800000|100%| O|  |TAMS 0x0000000080800000, 0x0000000080700000| Untracked 
|   8|0x0000000080800000, 0x0000000080900000, 0x0000000080900000|100%| O|  |TAMS 0x0000000080900000, 0x0000000080800000| Untracked 
|   9|0x0000000080900000, 0x0000000080a00000, 0x0000000080a00000|100%| O|  |TAMS 0x0000000080a00000, 0x0000000080900000| Untracked 
|  10|0x0000000080a00000, 0x0000000080b00000, 0x0000000080b00000|100%| O|  |TAMS 0x0000000080b00000, 0x0000000080a00000| Untracked 
|  11|0x0000000080b00000, 0x0000000080c00000, 0x0000000080c00000|100%| O|  |TAMS 0x0000000080c00000, 0x0000000080b00000| Untracked 
|  12|0x0000000080c00000, 0x0000000080d00000, 0x0000000080d00000|100%| O|  |TAMS 0x0000000080d00000, 0x0000000080c00000| Untracked 
|  13|0x0000000080d00000, 0x0000000080e00000, 0x0000000080e00000|100%| O|  |TAMS 0x0000000080e00000, 0x0000000080d00000| Untracked 
|  14|0x0000000080e00000, 0x0000000080f00000, 0x0000000080f00000|100%| O|  |TAMS 0x0000000080f00000, 0x0000000080e00000| Untracked 
|  15|0x0000000080f00000, 0x0000000081000000, 0x0000000081000000|100%| O|  |TAMS 0x0000000081000000, 0x0000000080f00000| Untracked 
|  16|0x0000000081000000, 0x0000000081100000, 0x0000000081100000|100%|HS|  |TAMS 0x0000000081100000, 0x0000000081000000| Complete 
|  17|0x0000000081100000, 0x0000000081200000, 0x0000000081200000|100%|HS|  |TAMS 0x0000000081200000, 0x0000000081100000| Complete 
|  18|0x0000000081200000, 0x0000000081300000, 0x0000000081300000|100%|HS|  |TAMS 0x0000000081300000, 0x0000000081200000| Complete 
|  19|0x0000000081300000, 0x0000000081400000, 0x0000000081400000|100%|HC|  |TAMS 0x0000000081400000, 0x0000000081300000| Complete 
|  20|0x0000000081400000, 0x0000000081500000, 0x0000000081500000|100%| O|  |TAMS 0x0000000081500000, 0x0000000081400000| Untracked 
|  21|0x0000000081500000, 0x0000000081600000, 0x0000000081600000|100%| O|  |TAMS 0x0000000081600000, 0x0000000081500000| Untracked 
|  22|0x0000000081600000, 0x0000000081700000, 0x0000000081700000|100%| O|  |TAMS 0x0000000081700000, 0x0000000081600000| Untracked 
|  23|0x0000000081700000, 0x0000000081800000, 0x0000000081800000|100%| O|  |TAMS 0x0000000081800000, 0x0000000081700000| Untracked 
|  24|0x0000000081800000, 0x0000000081900000, 0x0000000081900000|100%| O|  |TAMS 0x0000000081900000, 0x0000000081800000| Untracked 
|  25|0x0000000081900000, 0x0000000081a00000, 0x0000000081a00000|100%| O|  |TAMS 0x0000000081a00000, 0x0000000081900000| Untracked 
|  26|0x0000000081a00000, 0x0000000081b00000, 0x0000000081b00000|100%| O|  |TAMS 0x0000000081b00000, 0x0000000081a00000| Untracked 
|  27|0x0000000081b00000, 0x0000000081c00000, 0x0000000081c00000|100%| O|  |TAMS 0x0000000081c00000, 0x0000000081b00000| Untracked 
|  28|0x0000000081c00000, 0x0000000081d00000, 0x0000000081d00000|100%| O|  |TAMS 0x0000000081d00000, 0x0000000081c00000| Untracked 
|  29|0x0000000081d00000, 0x0000000081e00000, 0x0000000081e00000|100%| O|  |TAMS 0x0000000081e00000, 0x0000000081d00000| Untracked 
|  30|0x0000000081e00000, 0x0000000081f00000, 0x0000000081f00000|100%| O|  |TAMS 0x0000000081f00000, 0x0000000081e00000| Untracked 
|  31|0x0000000081f00000, 0x0000000082000000, 0x0000000082000000|100%| O|  |TAMS 0x0000000082000000, 0x0000000081f00000| Untracked 
|  32|0x0000000082000000, 0x0000000082100000, 0x0000000082100000|100%| O|  |TAMS 0x0000000082100000, 0x0000000082000000| Untracked 
|  33|0x0000000082100000, 0x0000000082200000, 0x0000000082200000|100%| O|  |TAMS 0x0000000082200000, 0x0000000082100000| Untracked 
|  34|0x0000000082200000, 0x0000000082300000, 0x0000000082300000|100%| O|  |TAMS 0x0000000082300000, 0x0000000082200000| Untracked 
|  35|0x0000000082300000, 0x0000000082400000, 0x0000000082400000|100%| O|  |TAMS 0x0000000082400000, 0x0000000082300000| Untracked 
|  36|0x0000000082400000, 0x0000000082500000, 0x0000000082500000|100%| O|  |TAMS 0x0000000082500000, 0x0000000082400000| Untracked 
|  37|0x0000000082500000, 0x0000000082600000, 0x0000000082600000|100%| O|  |TAMS 0x0000000082600000, 0x0000000082500000| Untracked 
|  38|0x0000000082600000, 0x0000000082700000, 0x0000000082700000|100%| O|  |TAMS 0x0000000082700000, 0x0000000082600000| Untracked 
|  39|0x0000000082700000, 0x0000000082800000, 0x0000000082800000|100%| O|  |TAMS 0x0000000082800000, 0x0000000082700000| Untracked 
|  40|0x0000000082800000, 0x0000000082900000, 0x0000000082900000|100%| O|  |TAMS 0x0000000082900000, 0x0000000082800000| Untracked 
|  41|0x0000000082900000, 0x00000000829b9000, 0x0000000082a00000| 72%| O|  |TAMS 0x00000000829b9000, 0x0000000082900000| Untracked 
|  42|0x0000000082a00000, 0x0000000082b00000, 0x0000000082b00000|100%|HS|  |TAMS 0x0000000082a00000, 0x0000000082a00000| Complete 
|  43|0x0000000082b00000, 0x0000000082b00000, 0x0000000082c00000|  0%| F|  |TAMS 0x0000000082b00000, 0x0000000082b00000| Untracked 
|  44|0x0000000082c00000, 0x0000000082c00000, 0x0000000082d00000|  0%| F|  |TAMS 0x0000000082c00000, 0x0000000082c00000| Untracked 
|  45|0x0000000082d00000, 0x0000000082d00000, 0x0000000082e00000|  0%| F|  |TAMS 0x0000000082d00000, 0x0000000082d00000| Untracked 
|  46|0x0000000082e00000, 0x0000000082e00000, 0x0000000082f00000|  0%| F|  |TAMS 0x0000000082e00000, 0x0000000082e00000| Untracked 
|  47|0x0000000082f00000, 0x0000000082f00000, 0x0000000083000000|  0%| F|  |TAMS 0x0000000082f00000, 0x0000000082f00000| Untracked 
|  48|0x0000000083000000, 0x0000000083000000, 0x0000000083100000|  0%| F|  |TAMS 0x0000000083000000, 0x0000000083000000| Untracked 
|  49|0x0000000083100000, 0x0000000083100000, 0x0000000083200000|  0%| F|  |TAMS 0x0000000083100000, 0x0000000083100000| Untracked 
|  50|0x0000000083200000, 0x0000000083200000, 0x0000000083300000|  0%| F|  |TAMS 0x0000000083200000, 0x0000000083200000| Untracked 
|  51|0x0000000083300000, 0x0000000083300000, 0x0000000083400000|  0%| F|  |TAMS 0x0000000083300000, 0x0000000083300000| Untracked 
|  52|0x0000000083400000, 0x0000000083400000, 0x0000000083500000|  0%| F|  |TAMS 0x0000000083400000, 0x0000000083400000| Untracked 
|  53|0x0000000083500000, 0x0000000083500000, 0x0000000083600000|  0%| F|  |TAMS 0x0000000083500000, 0x0000000083500000| Untracked 
|  54|0x0000000083600000, 0x0000000083600000, 0x0000000083700000|  0%| F|  |TAMS 0x0000000083600000, 0x0000000083600000| Untracked 
|  55|0x0000000083700000, 0x0000000083700000, 0x0000000083800000|  0%| F|  |TAMS 0x0000000083700000, 0x0000000083700000| Untracked 
|  56|0x0000000083800000, 0x0000000083800000, 0x0000000083900000|  0%| F|  |TAMS 0x0000000083800000, 0x0000000083800000| Untracked 
|  57|0x0000000083900000, 0x0000000083900000, 0x0000000083a00000|  0%| F|  |TAMS 0x0000000083900000, 0x0000000083900000| Untracked 
|  58|0x0000000083a00000, 0x0000000083a00000, 0x0000000083b00000|  0%| F|  |TAMS 0x0000000083a00000, 0x0000000083a00000| Untracked 
|  59|0x0000000083b00000, 0x0000000083b00000, 0x0000000083c00000|  0%| F|  |TAMS 0x0000000083b00000, 0x0000000083b00000| Untracked 
|  60|0x0000000083c00000, 0x0000000083c00000, 0x0000000083d00000|  0%| F|  |TAMS 0x0000000083c00000, 0x0000000083c00000| Untracked 
|  61|0x0000000083d00000, 0x0000000083d00000, 0x0000000083e00000|  0%| F|  |TAMS 0x0000000083d00000, 0x0000000083d00000| Untracked 
|  62|0x0000000083e00000, 0x0000000083e00000, 0x0000000083f00000|  0%| F|  |TAMS 0x0000000083e00000, 0x0000000083e00000| Untracked 
|  63|0x0000000083f00000, 0x0000000083f00000, 0x0000000084000000|  0%| F|  |TAMS 0x0000000083f00000, 0x0000000083f00000| Untracked 
|  64|0x0000000084000000, 0x0000000084000000, 0x0000000084100000|  0%| F|  |TAMS 0x0000000084000000, 0x0000000084000000| Untracked 
|  65|0x0000000084100000, 0x0000000084100000, 0x0000000084200000|  0%| F|  |TAMS 0x0000000084100000, 0x0000000084100000| Untracked 
|  66|0x0000000084200000, 0x0000000084200000, 0x0000000084300000|  0%| F|  |TAMS 0x0000000084200000, 0x0000000084200000| Untracked 
|  67|0x0000000084300000, 0x0000000084300000, 0x0000000084400000|  0%| F|  |TAMS 0x0000000084300000, 0x0000000084300000| Untracked 
|  68|0x0000000084400000, 0x0000000084400000, 0x0000000084500000|  0%| F|  |TAMS 0x0000000084400000, 0x0000000084400000| Untracked 
|  69|0x0000000084500000, 0x0000000084500000, 0x0000000084600000|  0%| F|  |TAMS 0x0000000084500000, 0x0000000084500000| Untracked 
|  70|0x0000000084600000, 0x0000000084600000, 0x0000000084700000|  0%| F|  |TAMS 0x0000000084600000, 0x0000000084600000| Untracked 
|  71|0x0000000084700000, 0x0000000084700000, 0x0000000084800000|  0%| F|  |TAMS 0x0000000084700000, 0x0000000084700000| Untracked 
|  72|0x0000000084800000, 0x0000000084800000, 0x0000000084900000|  0%| F|  |TAMS 0x0000000084800000, 0x0000000084800000| Untracked 
|  73|0x0000000084900000, 0x0000000084900000, 0x0000000084a00000|  0%| F|  |TAMS 0x0000000084900000, 0x0000000084900000| Untracked 
|  74|0x0000000084a00000, 0x0000000084a00000, 0x0000000084b00000|  0%| F|  |TAMS 0x0000000084a00000, 0x0000000084a00000| Untracked 
|  75|0x0000000084b00000, 0x0000000084b00000, 0x0000000084c00000|  0%| F|  |TAMS 0x0000000084b00000, 0x0000000084b00000| Untracked 
|  76|0x0000000084c00000, 0x0000000084c00000, 0x0000000084d00000|  0%| F|  |TAMS 0x0000000084c00000, 0x0000000084c00000| Untracked 
|  77|0x0000000084d00000, 0x0000000084d00000, 0x0000000084e00000|  0%| F|  |TAMS 0x0000000084d00000, 0x0000000084d00000| Untracked 
|  78|0x0000000084e00000, 0x0000000084e00000, 0x0000000084f00000|  0%| F|  |TAMS 0x0000000084e00000, 0x0000000084e00000| Untracked 
|  79|0x0000000084f00000, 0x0000000084f00000, 0x0000000085000000|  0%| F|  |TAMS 0x0000000084f00000, 0x0000000084f00000| Untracked 
|  80|0x0000000085000000, 0x0000000085000000, 0x0000000085100000|  0%| F|  |TAMS 0x0000000085000000, 0x0000000085000000| Untracked 
|  81|0x0000000085100000, 0x0000000085100000, 0x0000000085200000|  0%| F|  |TAMS 0x0000000085100000, 0x0000000085100000| Untracked 
|  82|0x0000000085200000, 0x0000000085200000, 0x0000000085300000|  0%| F|  |TAMS 0x0000000085200000, 0x0000000085200000| Untracked 
|  83|0x0000000085300000, 0x0000000085300000, 0x0000000085400000|  0%| F|  |TAMS 0x0000000085300000, 0x0000000085300000| Untracked 
|  84|0x0000000085400000, 0x0000000085400000, 0x0000000085500000|  0%| F|  |TAMS 0x0000000085400000, 0x0000000085400000| Untracked 
|  85|0x0000000085500000, 0x0000000085500000, 0x0000000085600000|  0%| F|  |TAMS 0x0000000085500000, 0x0000000085500000| Untracked 
|  86|0x0000000085600000, 0x0000000085600000, 0x0000000085700000|  0%| F|  |TAMS 0x0000000085600000, 0x0000000085600000| Untracked 
|  87|0x0000000085700000, 0x0000000085700000, 0x0000000085800000|  0%| F|  |TAMS 0x0000000085700000, 0x0000000085700000| Untracked 
|  88|0x0000000085800000, 0x0000000085800000, 0x0000000085900000|  0%| F|  |TAMS 0x0000000085800000, 0x0000000085800000| Untracked 
|  89|0x0000000085900000, 0x0000000085900000, 0x0000000085a00000|  0%| F|  |TAMS 0x0000000085900000, 0x0000000085900000| Untracked 
|  90|0x0000000085a00000, 0x0000000085a00000, 0x0000000085b00000|  0%| F|  |TAMS 0x0000000085a00000, 0x0000000085a00000| Untracked 
|  91|0x0000000085b00000, 0x0000000085b00000, 0x0000000085c00000|  0%| F|  |TAMS 0x0000000085b00000, 0x0000000085b00000| Untracked 
|  92|0x0000000085c00000, 0x0000000085c00000, 0x0000000085d00000|  0%| F|  |TAMS 0x0000000085c00000, 0x0000000085c00000| Untracked 
|  93|0x0000000085d00000, 0x0000000085d00000, 0x0000000085e00000|  0%| F|  |TAMS 0x0000000085d00000, 0x0000000085d00000| Untracked 
|  94|0x0000000085e00000, 0x0000000085e00000, 0x0000000085f00000|  0%| F|  |TAMS 0x0000000085e00000, 0x0000000085e00000| Untracked 
|  95|0x0000000085f00000, 0x0000000085f00000, 0x0000000086000000|  0%| F|  |TAMS 0x0000000085f00000, 0x0000000085f00000| Untracked 
|  96|0x0000000086000000, 0x0000000086000000, 0x0000000086100000|  0%| F|  |TAMS 0x0000000086000000, 0x0000000086000000| Untracked 
|  97|0x0000000086100000, 0x0000000086100000, 0x0000000086200000|  0%| F|  |TAMS 0x0000000086100000, 0x0000000086100000| Untracked 
|  98|0x0000000086200000, 0x0000000086200000, 0x0000000086300000|  0%| F|  |TAMS 0x0000000086200000, 0x0000000086200000| Untracked 
|  99|0x0000000086300000, 0x0000000086300000, 0x0000000086400000|  0%| F|  |TAMS 0x0000000086300000, 0x0000000086300000| Untracked 
| 100|0x0000000086400000, 0x0000000086400000, 0x0000000086500000|  0%| F|  |TAMS 0x0000000086400000, 0x0000000086400000| Untracked 
| 101|0x0000000086500000, 0x0000000086500000, 0x0000000086600000|  0%| F|  |TAMS 0x0000000086500000, 0x0000000086500000| Untracked 
| 102|0x0000000086600000, 0x0000000086600000, 0x0000000086700000|  0%| F|  |TAMS 0x0000000086600000, 0x0000000086600000| Untracked 
| 103|0x0000000086700000, 0x0000000086700000, 0x0000000086800000|  0%| F|  |TAMS 0x0000000086700000, 0x0000000086700000| Untracked 
| 104|0x0000000086800000, 0x0000000086800000, 0x0000000086900000|  0%| F|  |TAMS 0x0000000086800000, 0x0000000086800000| Untracked 
| 105|0x0000000086900000, 0x0000000086900000, 0x0000000086a00000|  0%| F|  |TAMS 0x0000000086900000, 0x0000000086900000| Untracked 
| 106|0x0000000086a00000, 0x0000000086a00000, 0x0000000086b00000|  0%| F|  |TAMS 0x0000000086a00000, 0x0000000086a00000| Untracked 
| 107|0x0000000086b00000, 0x0000000086b00000, 0x0000000086c00000|  0%| F|  |TAMS 0x0000000086b00000, 0x0000000086b00000| Untracked 
| 108|0x0000000086c00000, 0x0000000086c00000, 0x0000000086d00000|  0%| F|  |TAMS 0x0000000086c00000, 0x0000000086c00000| Untracked 
| 109|0x0000000086d00000, 0x0000000086d00000, 0x0000000086e00000|  0%| F|  |TAMS 0x0000000086d00000, 0x0000000086d00000| Untracked 
| 110|0x0000000086e00000, 0x0000000086e00000, 0x0000000086f00000|  0%| F|  |TAMS 0x0000000086e00000, 0x0000000086e00000| Untracked 
| 111|0x0000000086f00000, 0x0000000086f00000, 0x0000000087000000|  0%| F|  |TAMS 0x0000000086f00000, 0x0000000086f00000| Untracked 
| 112|0x0000000087000000, 0x0000000087000000, 0x0000000087100000|  0%| F|  |TAMS 0x0000000087000000, 0x0000000087000000| Untracked 
| 113|0x0000000087100000, 0x0000000087100000, 0x0000000087200000|  0%| F|  |TAMS 0x0000000087100000, 0x0000000087100000| Untracked 
| 114|0x0000000087200000, 0x0000000087200000, 0x0000000087300000|  0%| F|  |TAMS 0x0000000087200000, 0x0000000087200000| Untracked 
| 115|0x0000000087300000, 0x0000000087300000, 0x0000000087400000|  0%| F|  |TAMS 0x0000000087300000, 0x0000000087300000| Untracked 
| 116|0x0000000087400000, 0x0000000087400000, 0x0000000087500000|  0%| F|  |TAMS 0x0000000087400000, 0x0000000087400000| Untracked 
| 117|0x0000000087500000, 0x0000000087500000, 0x0000000087600000|  0%| F|  |TAMS 0x0000000087500000, 0x0000000087500000| Untracked 
| 118|0x0000000087600000, 0x0000000087600000, 0x0000000087700000|  0%| F|  |TAMS 0x0000000087600000, 0x0000000087600000| Untracked 
| 119|0x0000000087700000, 0x0000000087700000, 0x0000000087800000|  0%| F|  |TAMS 0x0000000087700000, 0x0000000087700000| Untracked 
| 120|0x0000000087800000, 0x0000000087800000, 0x0000000087900000|  0%| F|  |TAMS 0x0000000087800000, 0x0000000087800000| Untracked 
| 121|0x0000000087900000, 0x0000000087900000, 0x0000000087a00000|  0%| F|  |TAMS 0x0000000087900000, 0x0000000087900000| Untracked 
| 122|0x0000000087a00000, 0x0000000087a00000, 0x0000000087b00000|  0%| F|  |TAMS 0x0000000087a00000, 0x0000000087a00000| Untracked 
| 123|0x0000000087b00000, 0x0000000087b00000, 0x0000000087c00000|  0%| F|  |TAMS 0x0000000087b00000, 0x0000000087b00000| Untracked 
| 124|0x0000000087c00000, 0x0000000087c00000, 0x0000000087d00000|  0%| F|  |TAMS 0x0000000087c00000, 0x0000000087c00000| Untracked 
| 125|0x0000000087d00000, 0x0000000087d00000, 0x0000000087e00000|  0%| F|  |TAMS 0x0000000087d00000, 0x0000000087d00000| Untracked 
| 126|0x0000000087e00000, 0x0000000087e00000, 0x0000000087f00000|  0%| F|  |TAMS 0x0000000087e00000, 0x0000000087e00000| Untracked 
| 127|0x0000000087f00000, 0x0000000087f00000, 0x0000000088000000|  0%| F|  |TAMS 0x0000000087f00000, 0x0000000087f00000| Untracked 
| 128|0x0000000088000000, 0x0000000088000000, 0x0000000088100000|  0%| F|  |TAMS 0x0000000088000000, 0x0000000088000000| Untracked 
| 129|0x0000000088100000, 0x0000000088100000, 0x0000000088200000|  0%| F|  |TAMS 0x0000000088100000, 0x0000000088100000| Untracked 
| 130|0x0000000088200000, 0x0000000088200000, 0x0000000088300000|  0%| F|  |TAMS 0x0000000088200000, 0x0000000088200000| Untracked 
| 131|0x0000000088300000, 0x0000000088300000, 0x0000000088400000|  0%| F|  |TAMS 0x0000000088300000, 0x0000000088300000| Untracked 
| 132|0x0000000088400000, 0x0000000088400000, 0x0000000088500000|  0%| F|  |TAMS 0x0000000088400000, 0x0000000088400000| Untracked 
| 133|0x0000000088500000, 0x0000000088500000, 0x0000000088600000|  0%| F|  |TAMS 0x0000000088500000, 0x0000000088500000| Untracked 
| 134|0x0000000088600000, 0x0000000088600000, 0x0000000088700000|  0%| F|  |TAMS 0x0000000088600000, 0x0000000088600000| Untracked 
| 135|0x0000000088700000, 0x0000000088700000, 0x0000000088800000|  0%| F|  |TAMS 0x0000000088700000, 0x0000000088700000| Untracked 
| 136|0x0000000088800000, 0x0000000088800000, 0x0000000088900000|  0%| F|  |TAMS 0x0000000088800000, 0x0000000088800000| Untracked 
| 137|0x0000000088900000, 0x0000000088900000, 0x0000000088a00000|  0%| F|  |TAMS 0x0000000088900000, 0x0000000088900000| Untracked 
| 138|0x0000000088a00000, 0x0000000088a00000, 0x0000000088b00000|  0%| F|  |TAMS 0x0000000088a00000, 0x0000000088a00000| Untracked 
| 139|0x0000000088b00000, 0x0000000088b00000, 0x0000000088c00000|  0%| F|  |TAMS 0x0000000088b00000, 0x0000000088b00000| Untracked 
| 140|0x0000000088c00000, 0x0000000088c00000, 0x0000000088d00000|  0%| F|  |TAMS 0x0000000088c00000, 0x0000000088c00000| Untracked 
| 141|0x0000000088d00000, 0x0000000088d00000, 0x0000000088e00000|  0%| F|  |TAMS 0x0000000088d00000, 0x0000000088d00000| Untracked 
| 142|0x0000000088e00000, 0x0000000088e00000, 0x0000000088f00000|  0%| F|  |TAMS 0x0000000088e00000, 0x0000000088e00000| Untracked 
| 143|0x0000000088f00000, 0x0000000088f00000, 0x0000000089000000|  0%| F|  |TAMS 0x0000000088f00000, 0x0000000088f00000| Untracked 
| 144|0x0000000089000000, 0x0000000089000000, 0x0000000089100000|  0%| F|  |TAMS 0x0000000089000000, 0x0000000089000000| Untracked 
| 145|0x0000000089100000, 0x0000000089100000, 0x0000000089200000|  0%| F|  |TAMS 0x0000000089100000, 0x0000000089100000| Untracked 
| 146|0x0000000089200000, 0x0000000089200000, 0x0000000089300000|  0%| F|  |TAMS 0x0000000089200000, 0x0000000089200000| Untracked 
| 147|0x0000000089300000, 0x0000000089300000, 0x0000000089400000|  0%| F|  |TAMS 0x0000000089300000, 0x0000000089300000| Untracked 
| 148|0x0000000089400000, 0x0000000089400000, 0x0000000089500000|  0%| F|  |TAMS 0x0000000089400000, 0x0000000089400000| Untracked 
| 149|0x0000000089500000, 0x0000000089500000, 0x0000000089600000|  0%| F|  |TAMS 0x0000000089500000, 0x0000000089500000| Untracked 
| 150|0x0000000089600000, 0x0000000089600000, 0x0000000089700000|  0%| F|  |TAMS 0x0000000089600000, 0x0000000089600000| Untracked 
| 151|0x0000000089700000, 0x0000000089700000, 0x0000000089800000|  0%| F|  |TAMS 0x0000000089700000, 0x0000000089700000| Untracked 
| 152|0x0000000089800000, 0x0000000089800000, 0x0000000089900000|  0%| F|  |TAMS 0x0000000089800000, 0x0000000089800000| Untracked 
| 153|0x0000000089900000, 0x0000000089900000, 0x0000000089a00000|  0%| F|  |TAMS 0x0000000089900000, 0x0000000089900000| Untracked 
| 154|0x0000000089a00000, 0x0000000089a00000, 0x0000000089b00000|  0%| F|  |TAMS 0x0000000089a00000, 0x0000000089a00000| Untracked 
| 155|0x0000000089b00000, 0x0000000089b00000, 0x0000000089c00000|  0%| F|  |TAMS 0x0000000089b00000, 0x0000000089b00000| Untracked 
| 156|0x0000000089c00000, 0x0000000089c00000, 0x0000000089d00000|  0%| F|  |TAMS 0x0000000089c00000, 0x0000000089c00000| Untracked 
| 157|0x0000000089d00000, 0x0000000089d00000, 0x0000000089e00000|  0%| F|  |TAMS 0x0000000089d00000, 0x0000000089d00000| Untracked 
| 158|0x0000000089e00000, 0x0000000089e00000, 0x0000000089f00000|  0%| F|  |TAMS 0x0000000089e00000, 0x0000000089e00000| Untracked 
| 159|0x0000000089f00000, 0x0000000089f00000, 0x000000008a000000|  0%| F|  |TAMS 0x0000000089f00000, 0x0000000089f00000| Untracked 
| 160|0x000000008a000000, 0x000000008a000000, 0x000000008a100000|  0%| F|  |TAMS 0x000000008a000000, 0x000000008a000000| Untracked 
| 161|0x000000008a100000, 0x000000008a100000, 0x000000008a200000|  0%| F|  |TAMS 0x000000008a100000, 0x000000008a100000| Untracked 
| 162|0x000000008a200000, 0x000000008a200000, 0x000000008a300000|  0%| F|  |TAMS 0x000000008a200000, 0x000000008a200000| Untracked 
| 163|0x000000008a300000, 0x000000008a300000, 0x000000008a400000|  0%| F|  |TAMS 0x000000008a300000, 0x000000008a300000| Untracked 
| 164|0x000000008a400000, 0x000000008a400000, 0x000000008a500000|  0%| F|  |TAMS 0x000000008a400000, 0x000000008a400000| Untracked 
| 165|0x000000008a500000, 0x000000008a500000, 0x000000008a600000|  0%| F|  |TAMS 0x000000008a500000, 0x000000008a500000| Untracked 
| 166|0x000000008a600000, 0x000000008a600000, 0x000000008a700000|  0%| F|  |TAMS 0x000000008a600000, 0x000000008a600000| Untracked 
| 167|0x000000008a700000, 0x000000008a700000, 0x000000008a800000|  0%| F|  |TAMS 0x000000008a700000, 0x000000008a700000| Untracked 
| 168|0x000000008a800000, 0x000000008a800000, 0x000000008a900000|  0%| F|  |TAMS 0x000000008a800000, 0x000000008a800000| Untracked 
| 169|0x000000008a900000, 0x000000008a900000, 0x000000008aa00000|  0%| F|  |TAMS 0x000000008a900000, 0x000000008a900000| Untracked 
| 170|0x000000008aa00000, 0x000000008aa00000, 0x000000008ab00000|  0%| F|  |TAMS 0x000000008aa00000, 0x000000008aa00000| Untracked 
| 171|0x000000008ab00000, 0x000000008ab00000, 0x000000008ac00000|  0%| F|  |TAMS 0x000000008ab00000, 0x000000008ab00000| Untracked 
| 172|0x000000008ac00000, 0x000000008ac00000, 0x000000008ad00000|  0%| F|  |TAMS 0x000000008ac00000, 0x000000008ac00000| Untracked 
| 173|0x000000008ad00000, 0x000000008ad00000, 0x000000008ae00000|  0%| F|  |TAMS 0x000000008ad00000, 0x000000008ad00000| Untracked 
| 174|0x000000008ae00000, 0x000000008ae00000, 0x000000008af00000|  0%| F|  |TAMS 0x000000008ae00000, 0x000000008ae00000| Untracked 
| 175|0x000000008af00000, 0x000000008af00000, 0x000000008b000000|  0%| F|  |TAMS 0x000000008af00000, 0x000000008af00000| Untracked 
| 176|0x000000008b000000, 0x000000008b000000, 0x000000008b100000|  0%| F|  |TAMS 0x000000008b000000, 0x000000008b000000| Untracked 
| 177|0x000000008b100000, 0x000000008b100000, 0x000000008b200000|  0%| F|  |TAMS 0x000000008b100000, 0x000000008b100000| Untracked 
| 178|0x000000008b200000, 0x000000008b200000, 0x000000008b300000|  0%| F|  |TAMS 0x000000008b200000, 0x000000008b200000| Untracked 
| 179|0x000000008b300000, 0x000000008b300000, 0x000000008b400000|  0%| F|  |TAMS 0x000000008b300000, 0x000000008b300000| Untracked 
| 180|0x000000008b400000, 0x000000008b400000, 0x000000008b500000|  0%| F|  |TAMS 0x000000008b400000, 0x000000008b400000| Untracked 
| 181|0x000000008b500000, 0x000000008b500000, 0x000000008b600000|  0%| F|  |TAMS 0x000000008b500000, 0x000000008b500000| Untracked 
| 182|0x000000008b600000, 0x000000008b600000, 0x000000008b700000|  0%| F|  |TAMS 0x000000008b600000, 0x000000008b600000| Untracked 
| 183|0x000000008b700000, 0x000000008b700000, 0x000000008b800000|  0%| F|  |TAMS 0x000000008b700000, 0x000000008b700000| Untracked 
| 184|0x000000008b800000, 0x000000008b900000, 0x000000008b900000|100%| E|  |TAMS 0x000000008b800000, 0x000000008b800000| Complete 
| 185|0x000000008b900000, 0x000000008ba00000, 0x000000008ba00000|100%| E|CS|TAMS 0x000000008b900000, 0x000000008b900000| Complete 
| 186|0x000000008ba00000, 0x000000008bb00000, 0x000000008bb00000|100%| E|CS|TAMS 0x000000008ba00000, 0x000000008ba00000| Complete 
| 187|0x000000008bb00000, 0x000000008bc00000, 0x000000008bc00000|100%| E|CS|TAMS 0x000000008bb00000, 0x000000008bb00000| Complete 
| 188|0x000000008bc00000, 0x000000008bd00000, 0x000000008bd00000|100%| E|CS|TAMS 0x000000008bc00000, 0x000000008bc00000| Complete 
| 189|0x000000008bd00000, 0x000000008be00000, 0x000000008be00000|100%| E|CS|TAMS 0x000000008bd00000, 0x000000008bd00000| Complete 
| 190|0x000000008be00000, 0x000000008bf00000, 0x000000008bf00000|100%| E|CS|TAMS 0x000000008be00000, 0x000000008be00000| Complete 
| 191|0x000000008bf00000, 0x000000008c000000, 0x000000008c000000|100%| E|CS|TAMS 0x000000008bf00000, 0x000000008bf00000| Complete 
| 192|0x000000008c000000, 0x000000008c100000, 0x000000008c100000|100%| E|CS|TAMS 0x000000008c000000, 0x000000008c000000| Complete 
| 193|0x000000008c100000, 0x000000008c200000, 0x000000008c200000|100%| E|CS|TAMS 0x000000008c100000, 0x000000008c100000| Complete 
| 194|0x000000008c200000, 0x000000008c300000, 0x000000008c300000|100%| E|CS|TAMS 0x000000008c200000, 0x000000008c200000| Complete 
| 195|0x000000008c300000, 0x000000008c400000, 0x000000008c400000|100%| E|CS|TAMS 0x000000008c300000, 0x000000008c300000| Complete 
| 196|0x000000008c400000, 0x000000008c500000, 0x000000008c500000|100%| E|CS|TAMS 0x000000008c400000, 0x000000008c400000| Complete 
| 197|0x000000008c500000, 0x000000008c600000, 0x000000008c600000|100%| E|CS|TAMS 0x000000008c500000, 0x000000008c500000| Complete 
| 198|0x000000008c600000, 0x000000008c700000, 0x000000008c700000|100%| E|CS|TAMS 0x000000008c600000, 0x000000008c600000| Complete 
| 199|0x000000008c700000, 0x000000008c800000, 0x000000008c800000|100%| E|CS|TAMS 0x000000008c700000, 0x000000008c700000| Complete 
| 200|0x000000008c800000, 0x000000008c900000, 0x000000008c900000|100%| E|  |TAMS 0x000000008c800000, 0x000000008c800000| Complete 
| 201|0x000000008c900000, 0x000000008ca00000, 0x000000008ca00000|100%| E|CS|TAMS 0x000000008c900000, 0x000000008c900000| Complete 
| 202|0x000000008ca00000, 0x000000008cb00000, 0x000000008cb00000|100%| E|CS|TAMS 0x000000008ca00000, 0x000000008ca00000| Complete 
| 203|0x000000008cb00000, 0x000000008cc00000, 0x000000008cc00000|100%| E|CS|TAMS 0x000000008cb00000, 0x000000008cb00000| Complete 
| 204|0x000000008cc00000, 0x000000008cd00000, 0x000000008cd00000|100%| E|CS|TAMS 0x000000008cc00000, 0x000000008cc00000| Complete 
| 205|0x000000008cd00000, 0x000000008ce00000, 0x000000008ce00000|100%| E|CS|TAMS 0x000000008cd00000, 0x000000008cd00000| Complete 
| 206|0x000000008ce00000, 0x000000008cf00000, 0x000000008cf00000|100%| E|CS|TAMS 0x000000008ce00000, 0x000000008ce00000| Complete 
| 207|0x000000008cf00000, 0x000000008d000000, 0x000000008d000000|100%| E|CS|TAMS 0x000000008cf00000, 0x000000008cf00000| Complete 
| 208|0x000000008d000000, 0x000000008d100000, 0x000000008d100000|100%| E|CS|TAMS 0x000000008d000000, 0x000000008d000000| Complete 
| 209|0x000000008d100000, 0x000000008d200000, 0x000000008d200000|100%| E|CS|TAMS 0x000000008d100000, 0x000000008d100000| Complete 
| 210|0x000000008d200000, 0x000000008d300000, 0x000000008d300000|100%| E|CS|TAMS 0x000000008d200000, 0x000000008d200000| Complete 
| 211|0x000000008d300000, 0x000000008d400000, 0x000000008d400000|100%| E|CS|TAMS 0x000000008d300000, 0x000000008d300000| Complete 
| 212|0x000000008d400000, 0x000000008d500000, 0x000000008d500000|100%| E|CS|TAMS 0x000000008d400000, 0x000000008d400000| Complete 
| 213|0x000000008d500000, 0x000000008d600000, 0x000000008d600000|100%| E|CS|TAMS 0x000000008d500000, 0x000000008d500000| Complete 
| 214|0x000000008d600000, 0x000000008d700000, 0x000000008d700000|100%| E|CS|TAMS 0x000000008d600000, 0x000000008d600000| Complete 
| 215|0x000000008d700000, 0x000000008d800000, 0x000000008d800000|100%| E|CS|TAMS 0x000000008d700000, 0x000000008d700000| Complete 
| 216|0x000000008d800000, 0x000000008d900000, 0x000000008d900000|100%| E|CS|TAMS 0x000000008d800000, 0x000000008d800000| Complete 
| 217|0x000000008d900000, 0x000000008da00000, 0x000000008da00000|100%| E|CS|TAMS 0x000000008d900000, 0x000000008d900000| Complete 
| 218|0x000000008da00000, 0x000000008db00000, 0x000000008db00000|100%| E|CS|TAMS 0x000000008da00000, 0x000000008da00000| Complete 
| 219|0x000000008db00000, 0x000000008dc00000, 0x000000008dc00000|100%| E|CS|TAMS 0x000000008db00000, 0x000000008db00000| Complete 
| 220|0x000000008dc00000, 0x000000008dd00000, 0x000000008dd00000|100%| E|CS|TAMS 0x000000008dc00000, 0x000000008dc00000| Complete 
| 221|0x000000008dd00000, 0x000000008de00000, 0x000000008de00000|100%| E|CS|TAMS 0x000000008dd00000, 0x000000008dd00000| Complete 
| 222|0x000000008de00000, 0x000000008df00000, 0x000000008df00000|100%| E|CS|TAMS 0x000000008de00000, 0x000000008de00000| Complete 
| 223|0x000000008df00000, 0x000000008e000000, 0x000000008e000000|100%| E|CS|TAMS 0x000000008df00000, 0x000000008df00000| Complete 
| 224|0x000000008e000000, 0x000000008e100000, 0x000000008e100000|100%| E|CS|TAMS 0x000000008e000000, 0x000000008e000000| Complete 
| 225|0x000000008e100000, 0x000000008e200000, 0x000000008e200000|100%| E|CS|TAMS 0x000000008e100000, 0x000000008e100000| Complete 
| 226|0x000000008e200000, 0x000000008e300000, 0x000000008e300000|100%| E|CS|TAMS 0x000000008e200000, 0x000000008e200000| Complete 
| 227|0x000000008e300000, 0x000000008e400000, 0x000000008e400000|100%| E|CS|TAMS 0x000000008e300000, 0x000000008e300000| Complete 
| 228|0x000000008e400000, 0x000000008e500000, 0x000000008e500000|100%| E|CS|TAMS 0x000000008e400000, 0x000000008e400000| Complete 
| 229|0x000000008e500000, 0x000000008e600000, 0x000000008e600000|100%| E|CS|TAMS 0x000000008e500000, 0x000000008e500000| Complete 
| 230|0x000000008e600000, 0x000000008e700000, 0x000000008e700000|100%| E|CS|TAMS 0x000000008e600000, 0x000000008e600000| Complete 
| 231|0x000000008e700000, 0x000000008e800000, 0x000000008e800000|100%| E|CS|TAMS 0x000000008e700000, 0x000000008e700000| Complete 
| 232|0x000000008e800000, 0x000000008e900000, 0x000000008e900000|100%| E|CS|TAMS 0x000000008e800000, 0x000000008e800000| Complete 
| 233|0x000000008e900000, 0x000000008ea00000, 0x000000008ea00000|100%| E|CS|TAMS 0x000000008e900000, 0x000000008e900000| Complete 
| 234|0x000000008ea00000, 0x000000008eb00000, 0x000000008eb00000|100%| E|CS|TAMS 0x000000008ea00000, 0x000000008ea00000| Complete 
| 235|0x000000008eb00000, 0x000000008ec00000, 0x000000008ec00000|100%| E|CS|TAMS 0x000000008eb00000, 0x000000008eb00000| Complete 
| 236|0x000000008ec00000, 0x000000008ed00000, 0x000000008ed00000|100%| E|CS|TAMS 0x000000008ec00000, 0x000000008ec00000| Complete 
| 237|0x000000008ed00000, 0x000000008ee00000, 0x000000008ee00000|100%| E|CS|TAMS 0x000000008ed00000, 0x000000008ed00000| Complete 
| 238|0x000000008ee00000, 0x000000008ef00000, 0x000000008ef00000|100%| E|CS|TAMS 0x000000008ee00000, 0x000000008ee00000| Complete 
| 239|0x000000008ef00000, 0x000000008ef52138, 0x000000008f000000| 32%| S|CS|TAMS 0x000000008ef00000, 0x000000008ef00000| Complete 
| 240|0x000000008f000000, 0x000000008f100000, 0x000000008f100000|100%| S|CS|TAMS 0x000000008f000000, 0x000000008f000000| Complete 
| 241|0x000000008f100000, 0x000000008f200000, 0x000000008f200000|100%| S|CS|TAMS 0x000000008f100000, 0x000000008f100000| Complete 
| 242|0x000000008f200000, 0x000000008f300000, 0x000000008f300000|100%| E|CS|TAMS 0x000000008f200000, 0x000000008f200000| Complete 
| 243|0x000000008f300000, 0x000000008f400000, 0x000000008f400000|100%| E|CS|TAMS 0x000000008f300000, 0x000000008f300000| Complete 
| 244|0x000000008f400000, 0x000000008f500000, 0x000000008f500000|100%| E|CS|TAMS 0x000000008f400000, 0x000000008f400000| Complete 
| 245|0x000000008f500000, 0x000000008f600000, 0x000000008f600000|100%| E|CS|TAMS 0x000000008f500000, 0x000000008f500000| Complete 
| 246|0x000000008f600000, 0x000000008f700000, 0x000000008f700000|100%| E|CS|TAMS 0x000000008f600000, 0x000000008f600000| Complete 
| 247|0x000000008f700000, 0x000000008f800000, 0x000000008f800000|100%| E|CS|TAMS 0x000000008f700000, 0x000000008f700000| Complete 
| 248|0x000000008f800000, 0x000000008f900000, 0x000000008f900000|100%| E|CS|TAMS 0x000000008f800000, 0x000000008f800000| Complete 
| 249|0x000000008f900000, 0x000000008fa00000, 0x000000008fa00000|100%| E|CS|TAMS 0x000000008f900000, 0x000000008f900000| Complete 
| 250|0x000000008fa00000, 0x000000008fb00000, 0x000000008fb00000|100%| E|CS|TAMS 0x000000008fa00000, 0x000000008fa00000| Complete 
| 251|0x000000008fb00000, 0x000000008fc00000, 0x000000008fc00000|100%| E|CS|TAMS 0x000000008fb00000, 0x000000008fb00000| Complete 

Card table byte_map: [0x000001b3a9f00000,0x000001b3aa300000] _byte_map_base: 0x000001b3a9b00000

Marking Bits (Prev, Next): (CMBitMap*) 0x000001b3965f02e0, (CMBitMap*) 0x000001b3965f02a8
 Prev Bits: [0x000001b3ac700000, 0x000001b3ae700000)
 Next Bits: [0x000001b3aa700000, 0x000001b3ac700000)

Polling page: 0x000001b394da0000

Metaspace:

Usage:
  Non-class:     55.83 MB capacity,    54.85 MB ( 98%) used,   835.52 KB (  1%) free+waste,   162.50 KB ( <1%) overhead. 
      Class:      8.48 MB capacity,     7.95 MB ( 94%) used,   460.55 KB (  5%) free+waste,    75.81 KB ( <1%) overhead. 
       Both:     64.30 MB capacity,    62.80 MB ( 98%) used,     1.27 MB (  2%) free+waste,   238.31 KB ( <1%) overhead. 

Virtual space:
  Non-class space:       56.00 MB reserved,      56.00 MB (100%) committed 
      Class space:        1.00 GB reserved,       8.57 MB ( <1%) committed 
             Both:        1.05 GB reserved,      64.57 MB (  6%) committed 

Chunk freelists:
   Non-Class:  49.00 KB
       Class:  1.00 KB
        Both:  50.00 KB

MaxMetaspaceSize: 17179869184.00 GB
CompressedClassSpaceSize: 1.00 GB

CodeHeap 'non-profiled nmethods': size=120000Kb used=3339Kb max_used=3339Kb free=116660Kb
 bounds [0x000001b3a1b70000, 0x000001b3a1ec0000, 0x000001b3a90a0000]
CodeHeap 'profiled nmethods': size=120000Kb used=13020Kb max_used=13020Kb free=106979Kb
 bounds [0x000001b39a640000, 0x000001b39b300000, 0x000001b3a1b70000]
CodeHeap 'non-nmethods': size=5760Kb used=2261Kb max_used=2294Kb free=3498Kb
 bounds [0x000001b39a0a0000, 0x000001b39a310000, 0x000001b39a640000]
 total_blobs=7063 nmethods=6206 adapters=766
 compilation: enabled
              stopped_count=0, restarted_count=0
 full_count=0

Compilation events (20 events):
Event: 21.869 Thread 0x000001b3b1acf000 6221       1       org.gradle.configuration.internal.UserCodeApplicationId::longValue (5 bytes)
Event: 21.869 Thread 0x000001b3b1acf000 nmethod 6221 0x000001b3a1eb2390 code [0x000001b3a1eb2540, 0x000001b3a1eb25f8]
Event: 21.869 Thread 0x000001b3b1acf000 6222       1       org.gradle.api.internal.collections.DefaultCollectionEventRegister::getDecorator (5 bytes)
Event: 21.869 Thread 0x000001b3b1acf000 nmethod 6222 0x000001b3a1eb2690 code [0x000001b3a1eb2840, 0x000001b3a1eb28f8]
Event: 21.877 Thread 0x000001b3b1acf000 6224       3       org.gradle.api.internal.collections.AbstractIterationOrderRetainingElementSource$Element::getValues (16 bytes)
Event: 21.877 Thread 0x000001b3b1acf000 nmethod 6224 0x000001b39b2d0e90 code [0x000001b39b2d1040, 0x000001b39b2d11c8]
Event: 21.877 Thread 0x000001b3b1acf000 6225       3       java.lang.StringBuilder::append (10 bytes)
Event: 21.877 Thread 0x000001b3b1acf000 nmethod 6225 0x000001b39b2d1290 code [0x000001b39b2d1440, 0x000001b39b2d1588]
Event: 21.877 Thread 0x000001b3b1acf000 6226       3       sun.nio.fs.WindowsPath::compareTo (118 bytes)
Event: 21.879 Thread 0x000001b3b1acf000 nmethod 6226 0x000001b39b2d1610 code [0x000001b39b2d1960, 0x000001b39b2d2e28]
Event: 21.885 Thread 0x000001b3b1acf000 6227       3       org.gradle.internal.snapshot.AbstractFileSystemLocationSnapshot::<init> (20 bytes)
Event: 21.885 Thread 0x000001b3b1acf000 nmethod 6227 0x000001b39b2d3810 code [0x000001b39b2d39c0, 0x000001b39b2d3c38]
Event: 21.885 Thread 0x000001b3b1acf000 6228       3       org.gradle.internal.file.impl.DefaultFileMetadata::<init> (27 bytes)
Event: 21.885 Thread 0x000001b3b1acf000 nmethod 6228 0x000001b39b2d3d10 code [0x000001b39b2d3ec0, 0x000001b39b2d40d8]
Event: 21.885 Thread 0x000001b3b1acf000 6229       1       com.google.common.collect.MapMakerInternalMap$AbstractWeakKeyEntry::getHash (5 bytes)
Event: 21.885 Thread 0x000001b3b1acf000 nmethod 6229 0x000001b3a1eb2990 code [0x000001b3a1eb2b40, 0x000001b3a1eb2bf8]
Event: 21.889 Thread 0x000001b3b1acf000 6230       3       org.gradle.internal.io.RandomAccessFileOutputStream::write (11 bytes)
Event: 21.889 Thread 0x000001b3b1acf000 nmethod 6230 0x000001b39b2d4190 code [0x000001b39b2d4360, 0x000001b39b2d4508]
Event: 21.889 Thread 0x000001b3b1acf000 6231       3       java.io.RandomAccessFile::write (8 bytes)
Event: 21.889 Thread 0x000001b3b1acf000 nmethod 6231 0x000001b39b2d4610 code [0x000001b39b2d47c0, 0x000001b39b2d48e8]

GC Heap History (14 events):
Event: 1.222 GC heap before
{Heap before GC invocations=0 (full 0):
 garbage-first heap   total 258048K, used 29696K [0x0000000080000000, 0x0000000100000000)
  region size 1024K, 24 young (24576K), 0 survivors (0K)
 Metaspace       used 9795K, capacity 9990K, committed 10112K, reserved 1058816K
  class space    used 1022K, capacity 1102K, committed 1152K, reserved 1048576K
}
Event: 1.228 GC heap after
{Heap after GC invocations=1 (full 0):
 garbage-first heap   total 258048K, used 9188K [0x0000000080000000, 0x0000000100000000)
  region size 1024K, 3 young (3072K), 3 survivors (3072K)
 Metaspace       used 9795K, capacity 9990K, committed 10112K, reserved 1058816K
  class space    used 1022K, capacity 1102K, committed 1152K, reserved 1048576K
}
Event: 4.618 GC heap before
{Heap before GC invocations=1 (full 0):
 garbage-first heap   total 258048K, used 105444K [0x0000000080000000, 0x0000000100000000)
  region size 1024K, 98 young (100352K), 3 survivors (3072K)
 Metaspace       used 20607K, capacity 21140K, committed 21248K, reserved 1067008K
  class space    used 2528K, capacity 2727K, committed 2816K, reserved 1048576K
}
Event: 4.630 GC heap after
{Heap after GC invocations=2 (full 0):
 garbage-first heap   total 258048K, used 17101K [0x0000000080000000, 0x0000000100000000)
  region size 1024K, 11 young (11264K), 11 survivors (11264K)
 Metaspace       used 20607K, capacity 21140K, committed 21248K, reserved 1067008K
  class space    used 2528K, capacity 2727K, committed 2816K, reserved 1048576K
}
Event: 5.727 GC heap before
{Heap before GC invocations=3 (full 0):
 garbage-first heap   total 258048K, used 83661K [0x0000000080000000, 0x0000000100000000)
  region size 1024K, 77 young (78848K), 11 survivors (11264K)
 Metaspace       used 26905K, capacity 27577K, committed 27648K, reserved 1073152K
  class space    used 3550K, capacity 3793K, committed 3840K, reserved 1048576K
}
Event: 5.736 GC heap after
{Heap after GC invocations=4 (full 0):
 garbage-first heap   total 258048K, used 19041K [0x0000000080000000, 0x0000000100000000)
  region size 1024K, 3 young (3072K), 3 survivors (3072K)
 Metaspace       used 26905K, capacity 27577K, committed 27648K, reserved 1073152K
  class space    used 3550K, capacity 3793K, committed 3840K, reserved 1048576K
}
Event: 6.716 GC heap before
{Heap before GC invocations=4 (full 0):
 garbage-first heap   total 258048K, used 62049K [0x0000000080000000, 0x0000000100000000)
  region size 1024K, 46 young (47104K), 3 survivors (3072K)
 Metaspace       used 35029K, capacity 35834K, committed 35840K, reserved 1081344K
  class space    used 4542K, capacity 4864K, committed 4864K, reserved 1048576K
}
Event: 6.728 GC heap after
{Heap after GC invocations=5 (full 0):
 garbage-first heap   total 258048K, used 21912K [0x0000000080000000, 0x0000000100000000)
  region size 1024K, 6 young (6144K), 6 survivors (6144K)
 Metaspace       used 35029K, capacity 35834K, committed 35840K, reserved 1081344K
  class space    used 4542K, capacity 4864K, committed 4864K, reserved 1048576K
}
Event: 9.181 GC heap before
{Heap before GC invocations=6 (full 0):
 garbage-first heap   total 258048K, used 135576K [0x0000000080000000, 0x0000000100000000)
  region size 1024K, 114 young (116736K), 6 survivors (6144K)
 Metaspace       used 43942K, capacity 44941K, committed 45184K, reserved 1089536K
  class space    used 5640K, capacity 5971K, committed 6016K, reserved 1048576K
}
Event: 9.193 GC heap after
{Heap after GC invocations=7 (full 0):
 garbage-first heap   total 258048K, used 28419K [0x0000000080000000, 0x0000000100000000)
  region size 1024K, 12 young (12288K), 12 survivors (12288K)
 Metaspace       used 43942K, capacity 44941K, committed 45184K, reserved 1089536K
  class space    used 5640K, capacity 5971K, committed 6016K, reserved 1048576K
}
Event: 19.250 GC heap before
{Heap before GC invocations=7 (full 0):
 garbage-first heap   total 258048K, used 162563K [0x0000000080000000, 0x0000000100000000)
  region size 1024K, 140 young (143360K), 12 survivors (12288K)
 Metaspace       used 56999K, capacity 58460K, committed 58624K, reserved 1099776K
  class space    used 7175K, capacity 7659K, committed 7680K, reserved 1048576K
}
Event: 19.275 GC heap after
{Heap after GC invocations=8 (full 0):
 garbage-first heap   total 258048K, used 43208K [0x0000000080000000, 0x0000000100000000)
  region size 1024K, 18 young (18432K), 18 survivors (18432K)
 Metaspace       used 56999K, capacity 58460K, committed 58624K, reserved 1099776K
  class space    used 7175K, capacity 7659K, committed 7680K, reserved 1048576K
}
Event: 19.790 GC heap before
{Heap before GC invocations=8 (full 0):
 garbage-first heap   total 258048K, used 52424K [0x0000000080000000, 0x0000000100000000)
  region size 1024K, 28 young (28672K), 18 survivors (18432K)
 Metaspace       used 58652K, capacity 60089K, committed 60160K, reserved 1101824K
  class space    used 7410K, capacity 7927K, committed 7936K, reserved 1048576K
}
Event: 19.827 GC heap after
{Heap after GC invocations=9 (full 0):
 garbage-first heap   total 258048K, used 45100K [0x0000000080000000, 0x0000000100000000)
  region size 1024K, 3 young (3072K), 3 survivors (3072K)
 Metaspace       used 58652K, capacity 60089K, committed 60160K, reserved 1101824K
  class space    used 7410K, capacity 7927K, committed 7936K, reserved 1048576K
}

Deoptimization events (20 events):
Event: 21.741 Thread 0x000001b3b29ea800 Uncommon trap: trap_request=0xffffff4d fr.pc=0x000001b3a1e060a0 relative=0x0000000000000640
Event: 21.741 Thread 0x000001b3b29ea800 Uncommon trap: reason=unstable_if action=reinterpret pc=0x000001b3a1e060a0 method=java.lang.AbstractStringBuilder.appendChars(Ljava/lang/CharSequence;II)V @ 4 c2
Event: 21.741 Thread 0x000001b3b29ea800 DEOPT PACKING pc=0x000001b3a1e060a0 sp=0x00000030e3cf6c30
Event: 21.741 Thread 0x000001b3b29ea800 DEOPT UNPACKING pc=0x000001b39a0c78af sp=0x00000030e3cf6b18 mode 2
Event: 21.741 Thread 0x000001b3b29ea800 Uncommon trap: trap_request=0xffffff4d fr.pc=0x000001b3a1bf6d40 relative=0x0000000000000380
Event: 21.741 Thread 0x000001b3b29ea800 Uncommon trap: reason=unstable_if action=reinterpret pc=0x000001b3a1bf6d40 method=java.lang.AbstractStringBuilder.isLatin1()Z @ 10 c2
Event: 21.741 Thread 0x000001b3b29ea800 DEOPT PACKING pc=0x000001b3a1bf6d40 sp=0x00000030e3cf6cd0
Event: 21.741 Thread 0x000001b3b29ea800 DEOPT UNPACKING pc=0x000001b39a0c78af sp=0x00000030e3cf6c50 mode 2
Event: 21.741 Thread 0x000001b3b29ea800 Uncommon trap: trap_request=0xffffff4d fr.pc=0x000001b3a1b79a54 relative=0x0000000000000034
Event: 21.741 Thread 0x000001b3b29ea800 Uncommon trap: reason=unstable_if action=reinterpret pc=0x000001b3a1b79a54 method=java.lang.StringLatin1.canEncode(I)Z @ 4 c2
Event: 21.741 Thread 0x000001b3b29ea800 DEOPT PACKING pc=0x000001b3a1b79a54 sp=0x00000030e3cf6b50
Event: 21.741 Thread 0x000001b3b29ea800 DEOPT UNPACKING pc=0x000001b39a0c78af sp=0x00000030e3cf6ae0 mode 2
Event: 21.742 Thread 0x000001b3b29ea800 Uncommon trap: trap_request=0xffffff4d fr.pc=0x000001b3a1ba2ba8 relative=0x0000000000000468
Event: 21.742 Thread 0x000001b3b29ea800 Uncommon trap: reason=unstable_if action=reinterpret pc=0x000001b3a1ba2ba8 method=java.lang.AbstractStringBuilder.putStringAt(ILjava/lang/String;)V @ 8 c2
Event: 21.742 Thread 0x000001b3b29ea800 DEOPT PACKING pc=0x000001b3a1ba2ba8 sp=0x00000030e3cf6c20
Event: 21.742 Thread 0x000001b3b29ea800 DEOPT UNPACKING pc=0x000001b39a0c78af sp=0x00000030e3cf6b80 mode 2
Event: 21.742 Thread 0x000001b3b29ea800 Uncommon trap: trap_request=0xffffff4d fr.pc=0x000001b3a1ba1bec relative=0x00000000000000cc
Event: 21.742 Thread 0x000001b3b29ea800 Uncommon trap: reason=unstable_if action=reinterpret pc=0x000001b3a1ba1bec method=java.lang.String.getBytes([BIB)V @ 5 c2
Event: 21.742 Thread 0x000001b3b29ea800 DEOPT PACKING pc=0x000001b3a1ba1bec sp=0x00000030e3cf6b30
Event: 21.742 Thread 0x000001b3b29ea800 DEOPT UNPACKING pc=0x000001b39a0c78af sp=0x00000030e3cf6af8 mode 2

Classes redefined (0 events):
No events

Internal exceptions (20 events):
Event: 13.692 Thread 0x000001b3b3d66000 Exception <a 'java/lang/NoSuchMethodError'{0x000000008baa9ca0}: <clinit>> (0x000000008baa9ca0) thrown at [./src/hotspot/share/prims/jni.cpp, line 1362]
Event: 13.696 Thread 0x000001b3b3d66000 Exception <a 'java/lang/NoSuchMethodError'{0x000000008babd7a0}: <clinit>> (0x000000008babd7a0) thrown at [./src/hotspot/share/prims/jni.cpp, line 1362]
Event: 13.700 Thread 0x000001b3b29ea800 Implicit null exception at 0x000001b3a1df81a3 to 0x000001b3a1df83d0
Event: 13.716 Thread 0x000001b3b29ea800 Exception <a 'java/lang/ClassNotFoundException'{0x000000008b921f28}: build_6hix8facrml3h1zs42xumdtmeBeanInfo> (0x000000008b921f28) thrown at [./src/hotspot/share/classfile/systemDictionary.cpp, line 231]
Event: 13.717 Thread 0x000001b3b29ea800 Exception <a 'java/lang/ClassNotFoundException'{0x000000008b92ce50}: build_6hix8facrml3h1zs42xumdtmeCustomizer> (0x000000008b92ce50) thrown at [./src/hotspot/share/classfile/systemDictionary.cpp, line 231]
Event: 13.727 Thread 0x000001b3b29ea800 Exception <a 'java/lang/ClassNotFoundException'{0x000000008b9ad1c0}: org/gradle/plugin/use/internal/PluginRequestCollector$PluginDependenciesSpecImplBeanInfo> (0x000000008b9ad1c0) thrown at [./src/hotspot/share/classfile/systemDictionary.cpp, line 231]
Event: 13.728 Thread 0x000001b3b29ea800 Exception <a 'java/lang/ClassNotFoundException'{0x000000008b9db070}: org/gradle/plugin/use/internal/PluginRequestCollector$PluginDependenciesSpecImplCustomizer> (0x000000008b9db070) thrown at [./src/hotspot/share/classfile/systemDictionary.cpp, line 231]
Event: 13.839 Thread 0x000001b3b29ea800 Exception <a 'java/lang/ClassNotFoundException'{0x000000008b658bc8}: org/gradle/api/internal/plugins/DefaultObjectConfigurationActionBeanInfo> (0x000000008b658bc8) thrown at [./src/hotspot/share/classfile/systemDictionary.cpp, line 231]
Event: 13.841 Thread 0x000001b3b29ea800 Exception <a 'java/lang/ClassNotFoundException'{0x000000008b68c210}: org/gradle/api/internal/plugins/DefaultObjectConfigurationActionCustomizer> (0x000000008b68c210) thrown at [./src/hotspot/share/classfile/systemDictionary.cpp, line 231]
Event: 14.336 Thread 0x000001b3b29ea800 Exception <a 'java/lang/NoSuchMethodError'{0x000000008ac8f670}: 'java.lang.Object java.lang.invoke.DirectMethodHandle$Holder.invokeStatic(java.lang.Object, java.lang.Object, java.lang.Object, java.lang.Object, int)'> (0x000000008ac8f670) thrown at [./src/hotspot/share/interpreter/linkResolver.cpp, line 773]
Event: 14.336 Thread 0x000001b3b29ea800 Exception <a 'java/lang/NoSuchMethodError'{0x000000008ac94068}: 'java.lang.Object java.lang.invoke.DirectMethodHandle$Holder.invokeSpecial(java.lang.Object, java.lang.Object, java.lang.Object, java.lang.Object, java.lang.Object, int)'> (0x000000008ac94068) thrown at [./src/hotspot/share/interpreter/linkResolver.cpp, line 773]
Event: 14.336 Thread 0x000001b3b29ea800 Exception <a 'java/lang/NoSuchMethodError'{0x000000008ac986a8}: 'java.lang.Object java.lang.invoke.Invokers$Holder.linkToTargetMethod(java.lang.Object, java.lang.Object, java.lang.Object, int, java.lang.Object)'> (0x000000008ac986a8) thrown at [./src/hotspot/share/interpreter/linkResolver.cpp, line 773]
Event: 15.111 Thread 0x000001b3b29ea800 Exception <a 'java/lang/NoSuchMethodError'{0x0000000089ede520}: 'java.lang.Object java.lang.invoke.DirectMethodHandle$Holder.invokeSpecial(java.lang.Object, java.lang.Object, int, int, java.lang.Object, java.lang.Object, java.lang.Object)'> (0x0000000089ede520) thrown at [./src/hotspot/share/interpreter/linkResolver.cpp, line 773]
Event: 15.112 Thread 0x000001b3b29ea800 Exception <a 'java/lang/NoSuchMethodError'{0x0000000089ee2aa0}: 'java.lang.Object java.lang.invoke.DelegatingMethodHandle$Holder.reinvoke_L(java.lang.Object, int, int, java.lang.Object, java.lang.Object, java.lang.Object)'> (0x0000000089ee2aa0) thrown at [./src/hotspot/share/interpreter/linkResolver.cpp, line 773]
Event: 15.970 Thread 0x000001b3b29ea800 Exception <a 'java/lang/NoSuchMethodError'{0x000000008924b7a0}: 'int java.lang.invoke.DirectMethodHandle$Holder.invokeInterface(java.lang.Object, java.lang.Object, java.lang.Object, java.lang.Object)'> (0x000000008924b7a0) thrown at [./src/hotspot/share/interpreter/linkResolver.cpp, line 773]
Event: 19.235 Thread 0x000001b3b29ea800 Exception <a 'java/lang/NoSuchMethodError'{0x00000000870b0758}: 'void java.lang.invoke.DirectMethodHandle$Holder.invokeInterface(java.lang.Object, java.lang.Object, java.lang.Object, java.lang.Object)'> (0x00000000870b0758) thrown at [./src/hotspot/share/interpreter/linkResolver.cpp, line 773]
Event: 19.696 Thread 0x000001b3b29ea800 Exception <a 'java/lang/IncompatibleClassChangeError'{0x000000008f4e1478}: Found class java.lang.Object, but interface was expected> (0x000000008f4e1478) thrown at [./src/hotspot/share/interpreter/linkResolver.cpp, line 839]
Event: 19.843 Thread 0x000001b3b29ea800 Implicit null exception at 0x000001b3a1e56b54 to 0x000001b3a1e56d38
Event: 20.033 Thread 0x000001b3b29ea800 Implicit null exception at 0x000001b3a1e44cab to 0x000001b3a1e44f80
Event: 20.500 Thread 0x000001b3b29ea800 Exception <a 'sun/nio/fs/WindowsException'{0x000000008e389f40}> (0x000000008e389f40) thrown at [./src/hotspot/share/prims/jni.cpp, line 615]

Events (20 events):
Event: 21.846 loading class com/android/build/gradle/internal/lint/LintTaskManager$createBeforeEvaluateLintTasks$1
Event: 21.846 loading class com/android/build/gradle/internal/lint/LintTaskManager$createBeforeEvaluateLintTasks$1 done
Event: 21.869 loading class com/android/build/gradle/internal/TaskManager$ConfigAttrTask
Event: 21.869 loading class com/android/build/gradle/internal/TaskManager$ConfigAttrTask done
Event: 21.870 loading class com/android/build/gradle/internal/TaskManager$Companion$createTasksBeforeEvaluate$6
Event: 21.870 loading class com/android/build/gradle/internal/TaskManager$Companion$createTasksBeforeEvaluate$6 done
Event: 21.872 loading class com/android/build/gradle/internal/TaskManager$Companion$createTasksBeforeEvaluate$7
Event: 21.872 loading class com/android/build/gradle/internal/TaskManager$Companion$createTasksBeforeEvaluate$7 done
Event: 21.873 loading class org/gradle/api/Project
Event: 21.873 loading class org/gradle/api/Project done
Event: 21.873 loading class org/gradle/api/Project
Event: 21.873 loading class org/gradle/api/Project done
Event: 21.873 loading class com/android/build/gradle/internal/plugins/BasePlugin
Event: 21.873 loading class com/android/build/gradle/internal/plugins/BasePlugin done
Event: 21.874 loading class com/android/build/gradle/internal/crash/CrashReporting$afterEvaluate$1
Event: 21.874 loading class com/android/build/gradle/internal/crash/CrashReporting$afterEvaluate$1 done
Event: 21.875 loading class com/android/build/gradle/api/AndroidBasePlugin
Event: 21.875 loading class com/android/build/gradle/api/AndroidBasePlugin done
Event: 21.875 loading class org/gradle/api/plugins/PluginManager
Event: 21.875 loading class org/gradle/api/plugins/PluginManager done


Dynamic libraries:
0x00007ff6eb300000 - 0x00007ff6eb30a000 	C:\Program Files\Android\Android Studio\jre\bin\java.exe
0x00007ff87b5b0000 - 0x00007ff87b7a5000 	C:\WINDOWS\SYSTEM32\ntdll.dll
0x00007ff87a780000 - 0x00007ff87a83e000 	C:\WINDOWS\System32\KERNEL32.DLL
0x00007ff879290000 - 0x00007ff879558000 	C:\WINDOWS\System32\KERNELBASE.dll
0x00007ff879030000 - 0x00007ff879130000 	C:\WINDOWS\System32\ucrtbase.dll
0x00007ff872850000 - 0x00007ff872869000 	C:\Program Files\Android\Android Studio\jre\bin\jli.dll
0x00007ff87a2b0000 - 0x00007ff87a451000 	C:\WINDOWS\System32\USER32.dll
0x00007ff878e10000 - 0x00007ff878e32000 	C:\WINDOWS\System32\win32u.dll
0x00007ff870f70000 - 0x00007ff870f87000 	C:\Program Files\Android\Android Studio\jre\bin\VCRUNTIME140.dll
0x00007ff87a620000 - 0x00007ff87a64b000 	C:\WINDOWS\System32\GDI32.dll
0x00007ff878e40000 - 0x00007ff878f4d000 	C:\WINDOWS\System32\gdi32full.dll
0x00007ff878d70000 - 0x00007ff878e0d000 	C:\WINDOWS\System32\msvcp_win.dll
0x00007ff856dd0000 - 0x00007ff85706a000 	C:\WINDOWS\WinSxS\amd64_microsoft.windows.common-controls_6595b64144ccf1df_6.0.19041.1110_none_60b5254171f9507e\COMCTL32.dll
0x00007ff8798b0000 - 0x00007ff87994e000 	C:\WINDOWS\System32\msvcrt.dll
0x00007ff8799f0000 - 0x00007ff879a20000 	C:\WINDOWS\System32\IMM32.DLL
0x00007ff84d0e0000 - 0x00007ff84d17d000 	C:\Program Files\Android\Android Studio\jre\bin\msvcp140.dll
0x00007ffffc600000 - 0x00007ffffd0cf000 	C:\Program Files\Android\Android Studio\jre\bin\server\jvm.dll
0x00007ff8795f0000 - 0x00007ff87969e000 	C:\WINDOWS\System32\ADVAPI32.dll
0x00007ff879950000 - 0x00007ff8799ec000 	C:\WINDOWS\System32\sechost.dll
0x00007ff8796b0000 - 0x00007ff8797d5000 	C:\WINDOWS\System32\RPCRT4.dll
0x00007ff8796a0000 - 0x00007ff8796a8000 	C:\WINDOWS\System32\PSAPI.DLL
0x00007ff870590000 - 0x00007ff8705b7000 	C:\WINDOWS\SYSTEM32\WINMM.dll
0x00007ff86fc00000 - 0x00007ff86fc0a000 	C:\WINDOWS\SYSTEM32\VERSION.dll
0x00007ff853c60000 - 0x00007ff853c69000 	C:\WINDOWS\SYSTEM32\WSOCK32.dll
0x00007ff87a710000 - 0x00007ff87a77b000 	C:\WINDOWS\System32\WS2_32.dll
0x00007ff876b90000 - 0x00007ff876ba2000 	C:\WINDOWS\SYSTEM32\kernel.appcore.dll
0x00007ff872880000 - 0x00007ff872891000 	C:\Program Files\Android\Android Studio\jre\bin\verify.dll
0x00007ff871e50000 - 0x00007ff872034000 	C:\WINDOWS\SYSTEM32\DBGHELP.DLL
0x00007ff852da0000 - 0x00007ff852dcc000 	C:\WINDOWS\SYSTEM32\dbgcore.DLL
0x00007ff879560000 - 0x00007ff8795e2000 	C:\WINDOWS\System32\bcryptPrimitives.dll
0x00007ff8727e0000 - 0x00007ff872809000 	C:\Program Files\Android\Android Studio\jre\bin\java.dll
0x00007ff872870000 - 0x00007ff87287b000 	C:\Program Files\Android\Android Studio\jre\bin\jimage.dll
0x00007ff872820000 - 0x00007ff872838000 	C:\Program Files\Android\Android Studio\jre\bin\zip.dll
0x00007ff879a30000 - 0x00007ff87a174000 	C:\WINDOWS\System32\SHELL32.dll
0x00007ff876db0000 - 0x00007ff877545000 	C:\WINDOWS\SYSTEM32\windows.storage.dll
0x00007ff87a840000 - 0x00007ff87ab95000 	C:\WINDOWS\System32\combase.dll
0x00007ff878710000 - 0x00007ff87873e000 	C:\WINDOWS\SYSTEM32\Wldp.dll
0x00007ff87b3b0000 - 0x00007ff87b45d000 	C:\WINDOWS\System32\SHCORE.dll
0x00007ff87a460000 - 0x00007ff87a4b5000 	C:\WINDOWS\System32\shlwapi.dll
0x00007ff878c00000 - 0x00007ff878c1f000 	C:\WINDOWS\SYSTEM32\profapi.dll
0x00007ff871830000 - 0x00007ff87184a000 	C:\Program Files\Android\Android Studio\jre\bin\net.dll
0x00007ff8736c0000 - 0x00007ff8737cc000 	C:\WINDOWS\SYSTEM32\WINHTTP.dll
0x00007ff878470000 - 0x00007ff8784da000 	C:\WINDOWS\system32\mswsock.dll
0x00007ff8714b0000 - 0x00007ff8714c4000 	C:\Program Files\Android\Android Studio\jre\bin\nio.dll
0x00007ff85f9d0000 - 0x00007ff85f9f7000 	C:\Users\User\.gradle\native\8bec1ad78214c89d9ad589b4d07fe93259594b29d510b10fafb7a158f7737e5d\windows-amd64\native-platform.dll
0x00007ff823900000 - 0x00007ff823a3d000 	C:\Users\User\.gradle\native\53dbd7edfb1c66fb8903c78663c9afc45aea4f116125fa6feffd364cf09443e8\windows-amd64\native-platform-file-events.dll
0x00007ff8714a0000 - 0x00007ff8714aa000 	C:\Program Files\Android\Android Studio\jre\bin\management.dll
0x00007ff871490000 - 0x00007ff87149c000 	C:\Program Files\Android\Android Studio\jre\bin\management_ext.dll
0x00007ff878660000 - 0x00007ff878678000 	C:\WINDOWS\SYSTEM32\CRYPTSP.dll
0x00007ff877d80000 - 0x00007ff877db4000 	C:\WINDOWS\system32\rsaenh.dll
0x00007ff878f50000 - 0x00007ff878f77000 	C:\WINDOWS\System32\bcrypt.dll
0x00007ff878bc0000 - 0x00007ff878bee000 	C:\WINDOWS\SYSTEM32\USERENV.dll
0x00007ff878680000 - 0x00007ff87868c000 	C:\WINDOWS\SYSTEM32\CRYPTBASE.dll
0x00007ff878110000 - 0x00007ff87814b000 	C:\WINDOWS\SYSTEM32\IPHLPAPI.DLL
0x00007ff879a20000 - 0x00007ff879a28000 	C:\WINDOWS\System32\NSI.dll
0x00007ff870520000 - 0x00007ff870537000 	C:\WINDOWS\SYSTEM32\dhcpcsvc6.DLL
0x00007ff870dc0000 - 0x00007ff870ddd000 	C:\WINDOWS\SYSTEM32\dhcpcsvc.DLL
0x00007ff878160000 - 0x00007ff87822b000 	C:\WINDOWS\SYSTEM32\DNSAPI.dll

dbghelp: loaded successfully - version: 4.0.5 - missing functions: none
symbol engine: initialized successfully - sym options: 0x614 - pdb path: .;C:\Program Files\Android\Android Studio\jre\bin;C:\WINDOWS\SYSTEM32;C:\WINDOWS\WinSxS\amd64_microsoft.windows.common-controls_6595b64144ccf1df_6.0.19041.1110_none_60b5254171f9507e;C:\Program Files\Android\Android Studio\jre\bin\server;C:\Users\User\.gradle\native\8bec1ad78214c89d9ad589b4d07fe93259594b29d510b10fafb7a158f7737e5d\windows-amd64;C:\Users\User\.gradle\native\53dbd7edfb1c66fb8903c78663c9afc45aea4f116125fa6feffd364cf09443e8\windows-amd64

VM Arguments:
jvm_args: --add-opens=java.base/java.util=ALL-UNNAMED --add-opens=java.base/java.lang=ALL-UNNAMED --add-opens=java.base/java.lang.invoke=ALL-UNNAMED --add-opens=java.base/java.util=ALL-UNNAMED --add-opens=java.prefs/java.util.prefs=ALL-UNNAMED --add-opens=java.prefs/java.util.prefs=ALL-UNNAMED --add-opens=java.base/java.nio.charset=ALL-UNNAMED --add-opens=java.base/java.net=ALL-UNNAMED --add-opens=java.base/java.util.concurrent.atomic=ALL-UNNAMED -Xmx2048m -Dfile.encoding=UTF-8 -Duser.country=US -Duser.language=en -Duser.variant 
java_command: org.gradle.launcher.daemon.bootstrap.GradleDaemon 7.0.2
java_class_path (initial): C:\Users\User\.gradle\wrapper\dists\gradle-7.0.2-bin\857tjihv64xamwrf0h14cai3r\gradle-7.0.2\lib\gradle-launcher-7.0.2.jar
Launcher Type: SUN_STANDARD

[Global flags]
     intx CICompilerCount                          = 4                                         {product} {ergonomic}
     uint ConcGCThreads                            = 2                                         {product} {ergonomic}
     uint G1ConcRefinementThreads                  = 8                                         {product} {ergonomic}
   size_t G1HeapRegionSize                         = 1048576                                   {product} {ergonomic}
    uintx GCDrainStackTargetSize                   = 64                                        {product} {ergonomic}
   size_t InitialHeapSize                          = 264241152                                 {product} {ergonomic}
   size_t MarkStackSize                            = 4194304                                   {product} {ergonomic}
   size_t MaxHeapSize                              = 2147483648                                {product} {command line}
   size_t MaxNewSize                               = 1287651328                                {product} {ergonomic}
   size_t MinHeapDeltaBytes                        = 1048576                                   {product} {ergonomic}
    uintx NonNMethodCodeHeapSize                   = 5836300                                {pd product} {ergonomic}
    uintx NonProfiledCodeHeapSize                  = 122910970                              {pd product} {ergonomic}
    uintx ProfiledCodeHeapSize                     = 122910970                              {pd product} {ergonomic}
    uintx ReservedCodeCacheSize                    = 251658240                              {pd product} {ergonomic}
     bool SegmentedCodeCache                       = true                                      {product} {ergonomic}
     bool UseCompressedClassPointers               = true                                 {lp64_product} {ergonomic}
     bool UseCompressedOops                        = true                                 {lp64_product} {ergonomic}
     bool UseG1GC                                  = true                                      {product} {ergonomic}
     bool UseLargePagesIndividualAllocation        = false                                  {pd product} {ergonomic}

Logging:
Log output configuration:
 #0: stdout all=warning uptime,level,tags
 #1: stderr all=off uptime,level,tags

Environment Variables:
PATH=C:\Program Files (x86)\Razer\ChromaBroadcast\bin;C:\Program Files\Razer\ChromaBroadcast\bin;C:\Program Files (x86)\Common Files\Oracle\Java\javapath;C:\WINDOWS\system32;C:\WINDOWS;C:\WINDOWS\System32\Wbem;C:\WINDOWS\System32\WindowsPowerShell\v1.0\;C:\WINDOWS\System32\OpenSSH\;C:\Program Files (x86)\Common Files\Acronis\VirtualFile\;C:\Program Files (x86)\Common Files\Acronis\VirtualFile64\;C:\Program Files (x86)\Common Files\Acronis\FileProtector\;C:\Program Files (x86)\Common Files\Acronis\FileProtector64\;C:\Program Files (x86)\Common Files\Acronis\SnapAPI\;C:\Program Files\PuTTY\;C:\Program Files\Git\cmd;C:\WINDOWS\system32\config\systemprofile\AppData\Local\Microsoft\WindowsApps;C:\Users\User\AppData\Local\Microsoft\WindowsApps;C:\Users\User\AppData\Local\Programs\Microsoft VS Code\bin;C:\Users\User\AppData\Local\GitHubDesktop\bin
USERNAME=User
OS=Windows_NT
PROCESSOR_IDENTIFIER=Intel64 Family 6 Model 142 Stepping 12, GenuineIntel



---------------  S Y S T E M  ---------------

OS: Windows 10 , 64 bit Build 19041 (10.0.19041.1466)
OS uptime: 11 days 8:37 hours

CPU:total 8 (initial active 8) (4 cores per cpu, 2 threads per core) family 6 model 142 stepping 12 microcode 0xca, cmov, cx8, fxsr, mmx, sse, sse2, sse3, ssse3, sse4.1, sse4.2, popcnt, avx, avx2, aes, clmul, erms, 3dnowpref, lzcnt, ht, tsc, tscinvbit, bmi1, bmi2, adx, fma

Memory: 4k page, system-wide physical 16086M (244M free)
TotalPageFile size 28956M (AvailPageFile size 51M)
current process WorkingSet (physical memory assigned to process): 396M, peak: 396M
current process commit charge ("private bytes"): 485M, peak: 486M

vm_info: OpenJDK 64-Bit Server VM (11.0.10+0-b96-7249189) for windows-amd64 JRE (11.0.10+0-b96-7249189), built on Mar 31 2021 21:44:00 by "builder" with MS VC++ 14.0 (VS2015)

END.
